#
# A fatal error has been detected by the Java Runtime Environment:
#
#  SIGSEGV (0xb) at pc=0x0682fef9, pid=3643, tid=3077659504
#
# JRE version: Java(TM) SE Runtime Environment (7.0_72-b14) (build 1.7.0_72-b14)
# Java VM: Java HotSpot(TM) Server VM (24.72-b04 mixed mode linux-x86 )
# Problematic frame:
# C  [libser_FHE_J.so+0xa3ef9]  Java_Jser_1FHE_service+0xf79
#
# Failed to write core dump. Core dumps have been disabled. To enable core dumping, try "ulimit -c unlimited" before starting Java again
#
# If you would like to submit a bug report, please visit:
#   http://bugreport.sun.com/bugreport/crash.jsp
# The crash happened outside the Java Virtual Machine in native code.
# See problematic frame for where to report the bug.
#

---------------  T H R E A D  ---------------

Current thread (0xb7506400):  JavaThread "main" [_thread_in_native, id=3644, stack(0xb76c5000,0xb7716000)]

siginfo:si_signo=SIGSEGV: si_errno=0, si_code=1 (SEGV_MAPERR), si_addr=0x0000000c

Registers:
EAX=0x90f74964, EBX=0x069ed280, ECX=0x90f74964, EDX=0x0000000c
ESP=0xb77146e0, EBP=0x90f74928, ESI=0x00000000, EDI=0x90f7492c
EIP=0x0682fef9, EFLAGS=0x00010206, CR2=0x0000000c

Top of Stack: (sp=0xb77146e0)
0xb77146e0:   90f74890 b7714768 00000000 00000000
0xb77146f0:   90fd7110 90900018 00022828 90f74a00
0xb7714700:   90f74928 90f74964 90f74870 90f74888
0xb7714710:   90f74924 00000000 00003b88 b7714854
0xb7714720:   b7714870 b7714764 b77149c8 b77149d4
0xb7714730:   b7714a5c b7714ae4 b7714c0c b7714908
0xb7714740:   b75040d8 01000f74 00000312 00000010
0xb7714750:   000000d4 2aaaaaab 00000001 90922d6c 

Instructions: (pc=0x0682fef9)
0x0682fed9:   48 3c 89 c5 89 4c 24 24 8d 78 04 8d 74 26 00 8b
0x0682fee9:   44 24 24 89 ee 2b 74 24 20 8b 14 06 85 d2 74 08
0x0682fef9:   8b 0a 89 14 24 ff 51 0c 8b 55 1c 85 d2 74 08 89
0x0682ff09:   14 24 e8 30 ce ff ff 8d 55 04 83 c5 40 89 14 24 

Register to memory mapping:

EAX=0x90f74964 is an unknown value
EBX=0x069ed280: <offset 0x261280> in /usr/jdk7/lib/libser_FHE_J.so at 0x0678c000
ECX=0x90f74964 is an unknown value
EDX=0x0000000c is an unknown value
ESP=0xb77146e0 is pointing into the stack for thread: 0xb7506400
EBP=0x90f74928 is an unknown value
ESI=0x00000000 is an unknown value
EDI=0x90f7492c is an unknown value


Stack: [0xb76c5000,0xb7716000],  sp=0xb77146e0,  free space=317k
Native frames: (J=compiled Java code, j=interpreted, Vv=VM code, C=native code)
C  [libser_FHE_J.so+0xa3ef9]  Java_Jser_1FHE_service+0xf79

Java frames: (J=compiled Java code, j=interpreted, Vv=VM code)
j  Jser_FHE.service()I+0
j  Jser_FHE.main([Ljava/lang/String;)V+9
v  ~StubRoutines::call_stub

---------------  P R O C E S S  ---------------

Java Threads: ( => current thread )
  0x90f2b400 JavaThread "Service Thread" daemon [_thread_blocked, id=3653, stack(0x90aba000,0x90b0b000)]
  0x90f29400 JavaThread "C2 CompilerThread1" daemon [_thread_blocked, id=3652, stack(0x90b0b000,0x90b8c000)]
  0x90f27400 JavaThread "C2 CompilerThread0" daemon [_thread_blocked, id=3651, stack(0x90b8c000,0x90c0d000)]
  0x90f25800 JavaThread "Signal Dispatcher" daemon [_thread_blocked, id=3650, stack(0x90c0d000,0x90c5e000)]
  0x90f15000 JavaThread "Finalizer" daemon [_thread_blocked, id=3649, stack(0x90e5e000,0x90eaf000)]
  0x90f13800 JavaThread "Reference Handler" daemon [_thread_blocked, id=3648, stack(0x90eaf000,0x90f00000)]
=>0xb7506400 JavaThread "main" [_thread_in_native, id=3644, stack(0xb76c5000,0xb7716000)]

Other Threads:
  0x90f10c00 VMThread [stack: 0x92624000,0x926a5000] [id=3647]
  0x90f2d400 WatcherThread [stack: 0x90a39000,0x90aba000] [id=3654]

VM state:not at safepoint (normal execution)

VM Mutex/Monitor currently owned by a thread: None

Heap
 PSYoungGen      total 8960K, used 461K [0xaa700000, 0xab100000, 0xb4500000)
  eden space 7680K, 6% used [0xaa700000,0xaa773448,0xaae80000)
  from space 1280K, 0% used [0xaafc0000,0xaafc0000,0xab100000)
  to   space 1280K, 0% used [0xaae80000,0xaae80000,0xaafc0000)
 ParOldGen       total 20224K, used 0K [0x96b00000, 0x97ec0000, 0xaa700000)
  object space 20224K, 0% used [0x96b00000,0x96b00000,0x97ec0000)
 PSPermGen       total 16384K, used 1627K [0x92b00000, 0x93b00000, 0x96b00000)
  object space 16384K, 9% used [0x92b00000,0x92c96e30,0x93b00000)

Card table byte_map: [0x929f2000,0x92b00000] byte_map_base: 0x9255c800

Polling page: 0xb7727000

Code Cache  [0xb4500000, 0xb4740000, 0xb7500000)
 total_blobs=96 nmethods=0 adapters=66 free_code_cache=48863Kb largest_free_block=50036672

Compilation events (0 events):
No events

GC Heap History (0 events):
No events

Deoptimization events (0 events):
No events

Internal exceptions (2 events):
Event: 0.047 Thread 0xb7506400 Threw 0xaa70dfe0 at /HUDSON/workspace/7u-2-build-linux-i586/jdk7u72/1606/hotspot/src/share/vm/prims/jni.cpp:3991
Event: 0.105 Thread 0xb7506400 Threw 0xaa766ea8 at /HUDSON/workspace/7u-2-build-linux-i586/jdk7u72/1606/hotspot/src/share/vm/prims/jvm.cpp:1281

Events (10 events):
Event: 0.111 loading class 0x926f5798
Event: 0.111 loading class 0x926f5798 done
Event: 0.112 loading class 0x926c77f0
Event: 0.112 loading class 0x926c77f0 done
Event: 0.113 loading class 0x926b0d80
Event: 0.113 loading class 0x926b0d80 done
Event: 0.113 loading class 0x926b0d28
Event: 0.113 loading class 0x926b0d28 done
Event: 4.110 Executing VM operation: EnableBiasedLocking
Event: 4.110 Executing VM operation: EnableBiasedLocking done


Dynamic libraries:
00200000-0020b000 r-xp 00000000 08:02 310711     /usr/jdk7/jre/lib/i386/libverify.so
0020b000-0020c000 rw-p 0000b000 08:02 310711     /usr/jdk7/jre/lib/i386/libverify.so
0020c000-0022f000 r-xp 00000000 08:02 310728     /usr/jdk7/jre/lib/i386/libjava.so
0022f000-00230000 rw-p 00023000 08:02 310728     /usr/jdk7/jre/lib/i386/libjava.so
00230000-0023c000 r-xp 00000000 08:02 935        /lib/libnss_files-2.12.so
0023c000-0023d000 r--p 0000b000 08:02 935        /lib/libnss_files-2.12.so
0023d000-0023e000 rw-p 0000c000 08:02 935        /lib/libnss_files-2.12.so
0023e000-00255000 r-xp 00000000 08:02 310763     /usr/jdk7/jre/lib/i386/libzip.so
00255000-00256000 rw-p 00017000 08:02 310763     /usr/jdk7/jre/lib/i386/libzip.so
00256000-00384000 r-xp 00000000 08:02 278589     /usr/lib/mysql/libmysqlclient.so.16.0.0
00384000-003cc000 rw-p 0012d000 08:02 278589     /usr/lib/mysql/libmysqlclient.so.16.0.0
003cc000-003d0000 r-xp 00000000 08:02 6183       /lib/libgthread-2.0.so.0.2800.8
003d0000-003d1000 rw-p 00003000 08:02 6183       /lib/libgthread-2.0.so.0.2800.8
003d1000-003d4000 r-xp 00000000 08:02 6179       /lib/libcom_err.so.2.1
003d4000-003d5000 r--p 00002000 08:02 6179       /lib/libcom_err.so.2.1
003d5000-003d6000 rw-p 00003000 08:02 6179       /lib/libcom_err.so.2.1
003ec000-00409000 r-xp 00000000 08:02 6189       /lib/libgcc_s-4.4.7-20120601.so.1
00409000-0040a000 rw-p 0001d000 08:02 6189       /lib/libgcc_s-4.4.7-20120601.so.1
0040c000-0040e000 r-xp 00000000 08:02 6174       /lib/libkeyutils.so.1.3
0040e000-0040f000 r--p 00001000 08:02 6174       /lib/libkeyutils.so.1.3
0040f000-00410000 rw-p 00002000 08:02 6174       /lib/libkeyutils.so.1.3
0041c000-0043a000 r-xp 00000000 08:02 6166       /lib/ld-2.12.so
0043a000-0043b000 r--p 0001d000 08:02 6166       /lib/ld-2.12.so
0043b000-0043c000 rw-p 0001e000 08:02 6166       /lib/ld-2.12.so
00442000-005d2000 r-xp 00000000 08:02 6167       /lib/libc-2.12.so
005d2000-005d4000 r--p 00190000 08:02 6167       /lib/libc-2.12.so
005d4000-005d5000 rw-p 00192000 08:02 6167       /lib/libc-2.12.so
005d5000-005d8000 rw-p 00000000 00:00 0 
005da000-005f1000 r-xp 00000000 08:02 6169       /lib/libpthread-2.12.so
005f1000-005f2000 r--p 00016000 08:02 6169       /lib/libpthread-2.12.so
005f2000-005f3000 rw-p 00017000 08:02 6169       /lib/libpthread-2.12.so
005f3000-005f5000 rw-p 00000000 00:00 0 
005f7000-005fa000 r-xp 00000000 08:02 6168       /lib/libdl-2.12.so
005fa000-005fb000 r--p 00002000 08:02 6168       /lib/libdl-2.12.so
005fb000-005fc000 rw-p 00003000 08:02 6168       /lib/libdl-2.12.so
005fe000-00605000 r-xp 00000000 08:02 6170       /lib/librt-2.12.so
00605000-00606000 r--p 00006000 08:02 6170       /lib/librt-2.12.so
00606000-00607000 rw-p 00007000 08:02 6170       /lib/librt-2.12.so
00609000-00631000 r-xp 00000000 08:02 6188       /lib/libm-2.12.so
00631000-00632000 r--p 00027000 08:02 6188       /lib/libm-2.12.so
00632000-00633000 rw-p 00028000 08:02 6188       /lib/libm-2.12.so
00635000-00647000 r-xp 00000000 08:02 6186       /lib/libz.so.1.2.3
00647000-00648000 r--p 00011000 08:02 6186       /lib/libz.so.1.2.3
00648000-00649000 rw-p 00012000 08:02 6186       /lib/libz.so.1.2.3
00649000-0065e000 r-xp 00000000 08:02 6175       /lib/libresolv-2.12.so
0065e000-0065f000 ---p 00015000 08:02 6175       /lib/libresolv-2.12.so
0065f000-00660000 r--p 00015000 08:02 6175       /lib/libresolv-2.12.so
00660000-00661000 rw-p 00016000 08:02 6175       /lib/libresolv-2.12.so
00661000-00663000 rw-p 00000000 00:00 0 
00663000-00680000 r-xp 00000000 08:02 6176       /lib/libselinux.so.1
00680000-00681000 r--p 0001c000 08:02 6176       /lib/libselinux.so.1
00681000-00682000 rw-p 0001d000 08:02 6176       /lib/libselinux.so.1
006f3000-00706000 r-xp 00000000 08:02 309073     /usr/jdk7/lib/i386/jli/libjli.so
00706000-00707000 rw-p 00012000 08:02 309073     /usr/jdk7/lib/i386/jli/libjli.so
0072f000-00730000 r-xp 00000000 00:00 0          [vdso]
00730000-00fb5000 r-xp 00000000 08:02 310762     /usr/jdk7/jre/lib/i386/server/libjvm.so
00fb5000-01019000 rw-p 00884000 08:02 310762     /usr/jdk7/jre/lib/i386/server/libjvm.so
01019000-0143c000 rw-p 00000000 00:00 0 
0367b000-03976000 r-xp 00000000 08:02 348018     /usr/local/lib/libQtCore.so.4.8.2
03976000-0397d000 r--p 002fa000 08:02 348018     /usr/local/lib/libQtCore.so.4.8.2
0397d000-03980000 rw-p 00301000 08:02 348018     /usr/local/lib/libQtCore.so.4.8.2
0539d000-0554b000 r-xp 00000000 08:02 284739     /usr/lib/libcrypto.so.1.0.1e
0554b000-0555b000 r--p 001ad000 08:02 284739     /usr/lib/libcrypto.so.1.0.1e
0555b000-05562000 rw-p 001bd000 08:02 284739     /usr/lib/libcrypto.so.1.0.1e
05562000-05565000 rw-p 00000000 00:00 0 
05567000-055c8000 r-xp 00000000 08:02 284740     /usr/lib/libssl.so.1.0.1e
055c8000-055ca000 r--p 00061000 08:02 284740     /usr/lib/libssl.so.1.0.1e
055ca000-055ce000 rw-p 00063000 08:02 284740     /usr/lib/libssl.so.1.0.1e
0678c000-069ed000 r-xp 00000000 08:02 272035     /usr/jdk7/lib/libser_FHE_J.so
069ed000-069ee000 rw-p 00261000 08:02 272035     /usr/jdk7/lib/libser_FHE_J.so
069ee000-069ef000 rw-p 00000000 00:00 0 
06adb000-06bf7000 r-xp 00000000 08:02 6182       /lib/libglib-2.0.so.0.2800.8
06bf7000-06bf8000 rw-p 0011b000 08:02 6182       /lib/libglib-2.0.so.0.2800.8
07994000-079f0000 r-xp 00000000 08:02 6171       /lib/libfreebl3.so
079f0000-079f1000 ---p 0005c000 08:02 6171       /lib/libfreebl3.so
079f1000-079f2000 r--p 0005c000 08:02 6171       /lib/libfreebl3.so
079f2000-079f3000 rw-p 0005d000 08:02 6171       /lib/libfreebl3.so
079f3000-079f7000 rw-p 00000000 00:00 0 
079f9000-07a00000 r-xp 00000000 08:02 6172       /lib/libcrypt-2.12.so
07a00000-07a01000 r--p 00007000 08:02 6172       /lib/libcrypt-2.12.so
07a01000-07a02000 rw-p 00008000 08:02 6172       /lib/libcrypt-2.12.so
07a02000-07a29000 rw-p 00000000 00:00 0 
07a2b000-07b0c000 r-xp 00000000 08:02 262332     /usr/lib/libstdc++.so.6.0.13
07b0c000-07b10000 r--p 000e0000 08:02 262332     /usr/lib/libstdc++.so.6.0.13
07b10000-07b12000 rw-p 000e4000 08:02 262332     /usr/lib/libstdc++.so.6.0.13
07b12000-07b18000 rw-p 00000000 00:00 0 
07b1a000-07b42000 r-xp 00000000 08:02 6178       /lib/libk5crypto.so.3.1
07b42000-07b43000 r--p 00028000 08:02 6178       /lib/libk5crypto.so.3.1
07b43000-07b44000 rw-p 00029000 08:02 6178       /lib/libk5crypto.so.3.1
07b44000-07b45000 rw-p 00000000 00:00 0 
07b47000-07c1d000 r-xp 00000000 08:02 6180       /lib/libkrb5.so.3.3
07c1d000-07c23000 r--p 000d5000 08:02 6180       /lib/libkrb5.so.3.3
07c23000-07c24000 rw-p 000db000 08:02 6180       /lib/libkrb5.so.3.3
07e0c000-07e16000 r-xp 00000000 08:02 6177       /lib/libkrb5support.so.0.1
07e16000-07e17000 r--p 00009000 08:02 6177       /lib/libkrb5support.so.0.1
07e17000-07e18000 rw-p 0000a000 08:02 6177       /lib/libkrb5support.so.0.1
07e1a000-07e58000 r-xp 00000000 08:02 6203       /lib/libgssapi_krb5.so.2.2
07e58000-07e59000 r--p 0003e000 08:02 6203       /lib/libgssapi_krb5.so.2.2
07e59000-07e5a000 rw-p 0003f000 08:02 6203       /lib/libgssapi_krb5.so.2.2
07fae000-07fc5000 r-xp 00000000 08:02 6211       /lib/libnsl-2.12.so
07fc5000-07fc6000 r--p 00016000 08:02 6211       /lib/libnsl-2.12.so
07fc6000-07fc7000 rw-p 00017000 08:02 6211       /lib/libnsl-2.12.so
07fc7000-07fc9000 rw-p 00000000 00:00 0 
08048000-08049000 r-xp 00000000 08:02 310233     /usr/jdk7/bin/java
08049000-0804a000 rw-p 00000000 08:02 310233     /usr/jdk7/bin/java
085f1000-08612000 rw-p 00000000 00:00 0          [heap]
90900000-9093c000 rw-p 00000000 00:00 0 
9093c000-90a00000 ---p 00000000 00:00 0 
90a39000-90a3a000 ---p 00000000 00:00 0 
90a3a000-90aba000 rw-p 00000000 00:00 0 
90aba000-90abd000 ---p 00000000 00:00 0 
90abd000-90b0b000 rw-p 00000000 00:00 0 
90b0b000-90b0e000 ---p 00000000 00:00 0 
90b0e000-90b8c000 rw-p 00000000 00:00 0 
90b8c000-90b8f000 ---p 00000000 00:00 0 
90b8f000-90c0d000 rw-p 00000000 00:00 0 
90c0d000-90c10000 ---p 00000000 00:00 0 
90c10000-90c5e000 rw-p 00000000 00:00 0 
90c5e000-90e5e000 r--p 00000000 08:02 302358     /usr/lib/locale/locale-archive
90e5e000-90e61000 ---p 00000000 00:00 0 
90e61000-90eaf000 rw-p 00000000 00:00 0 
90eaf000-90eb2000 ---p 00000000 00:00 0 
90eb2000-90f00000 rw-p 00000000 00:00 0 
90f00000-90ff0000 rw-p 00000000 00:00 0 
90ff0000-91000000 ---p 00000000 00:00 0 
9100b000-91056000 rw-p 00000000 00:00 0 
91056000-91216000 r--s 039ea000 08:02 310240     /usr/jdk7/jre/lib/rt.jar
91216000-92500000 rw-p 00000000 00:00 0 
92500000-92521000 rw-p 00000000 00:00 0 
92521000-92600000 ---p 00000000 00:00 0 
92624000-92625000 ---p 00000000 00:00 0 
92625000-92700000 rw-p 00000000 00:00 0 
92700000-92721000 rw-p 00000000 00:00 0 
92721000-92800000 ---p 00000000 00:00 0 
92825000-92832000 rw-p 00000000 00:00 0 
92832000-92833000 ---p 00000000 00:00 0 
92833000-928b3000 rw-p 00000000 00:00 0 
928b3000-928b4000 ---p 00000000 00:00 0 
928b4000-9293c000 rw-p 00000000 00:00 0 
9293c000-92954000 rw-p 00000000 00:00 0 
92954000-9295e000 rw-p 00000000 00:00 0 
9295e000-929f2000 rw-p 00000000 00:00 0 
929f2000-929fa000 rw-p 00000000 00:00 0 
929fa000-92a12000 rw-p 00000000 00:00 0 
92a12000-92a1c000 rw-p 00000000 00:00 0 
92a1c000-92ab0000 rw-p 00000000 00:00 0 
92ab0000-92ab5000 rw-p 00000000 00:00 0 
92ab5000-92aff000 rw-p 00000000 00:00 0 
92aff000-93b00000 rw-p 00000000 00:00 0 
93b00000-96b00000 rw-p 00000000 00:00 0 
96b00000-97ec0000 rw-p 00000000 00:00 0 
97ec0000-aa700000 rw-p 00000000 00:00 0 
aa700000-ab100000 rw-p 00000000 00:00 0 
ab100000-b4500000 rw-p 00000000 00:00 0 
b4500000-b4740000 rwxp 00000000 00:00 0 
b4740000-b75f1000 rw-p 00000000 00:00 0 
b75f1000-b7600000 ---p 00000000 00:00 0 
b7605000-b760e000 rw-p 00000000 00:00 0 
b760e000-b76c5000 rw-p 00000000 00:00 0 
b76c5000-b76c8000 ---p 00000000 00:00 0 
b76c8000-b7718000 rw-p 00000000 00:00 0 
b771d000-b771e000 rw-p 00000000 00:00 0 
b771e000-b7726000 rw-s 00000000 08:02 309155     /tmp/hsperfdata_root/3643
b7726000-b7727000 rw-p 00000000 00:00 0 
b7727000-b7728000 r--p 00000000 00:00 0 
b7728000-b7729000 rw-p 00000000 00:00 0 
bf867000-bf868000 rwxp 00000000 00:00 0 
bf8a6000-bf8bb000 rw-p 00000000 00:00 0          [stack]

VM Arguments:
java_command: Jser_FHE
Launcher Type: SUN_STANDARD

Environment Variables:
JAVA_HOME=/usr/jdk7
CLASSPATH=.:/usr/jdk7/lib
PATH=/usr/jdk7/bin:/usr/lib/qt-3.3/bin:/usr/local/bin:/usr/local/bin:/usr/bin:/bin:/usr/local/sbin:/usr/sbin:/sbin:/home/lhk/bin
USERNAME=lhk
LD_LIBRARY_PATH=/usr/jdk7/lib:/home/qtdll/CDll
SHELL=/bin/bash
DISPLAY=:0.0

Signal Handlers:
SIGSEGV: [libjvm.so+0x7e9580], sa_mask[0]=0x7ffbfeff, sa_flags=0x10000004
SIGBUS: [libjvm.so+0x7e9580], sa_mask[0]=0x7ffbfeff, sa_flags=0x10000004
SIGFPE: [libjvm.so+0x682680], sa_mask[0]=0x7ffbfeff, sa_flags=0x10000004
SIGPIPE: SIG_IGN, sa_mask[0]=0x00001000, sa_flags=0x10000000
SIGXFSZ: [libjvm.so+0x682680], sa_mask[0]=0x7ffbfeff, sa_flags=0x10000004
SIGILL: [libjvm.so+0x682680], sa_mask[0]=0x7ffbfeff, sa_flags=0x10000004
SIGUSR1: SIG_DFL, sa_mask[0]=0x00000000, sa_flags=0x00000000
SIGUSR2: [libjvm.so+0x683e80], sa_mask[0]=0x00000000, sa_flags=0x10000004
SIGHUP: [libjvm.so+0x6851b0], sa_mask[0]=0x7ffbfeff, sa_flags=0x10000004
SIGINT: [libjvm.so+0x6851b0], sa_mask[0]=0x7ffbfeff, sa_flags=0x10000004
SIGTERM: [libjvm.so+0x6851b0], sa_mask[0]=0x7ffbfeff, sa_flags=0x10000004
SIGQUIT: [libjvm.so+0x6851b0], sa_mask[0]=0x7ffbfeff, sa_flags=0x10000004


---------------  S Y S T E M  ---------------

OS:CentOS release 6.6 (Final)

uname:Linux 2.6.32-504.el6.i686 #1 SMP Wed Oct 15 03:02:07 UTC 2014 i686
libc:glibc 2.12 NPTL 2.12 
rlimit: STACK 10240k, CORE 0k, NPROC 15009, NOFILE 4096, AS infinity
load average:0.07 0.10 0.15

/proc/meminfo:
MemTotal:        1939464 kB
MemFree:          738128 kB
Buffers:           90680 kB
Cached:           800656 kB
SwapCached:            0 kB
Active:           422568 kB
Inactive:         644384 kB
Active(anon):     175728 kB
Inactive(anon):     5324 kB
Active(file):     246840 kB
Inactive(file):   639060 kB
Unevictable:           0 kB
Mlocked:               0 kB
HighTotal:       1058440 kB
HighFree:          74276 kB
LowTotal:         881024 kB
LowFree:          663852 kB
SwapTotal:       2054140 kB
SwapFree:        2054140 kB
Dirty:               216 kB
Writeback:             0 kB
AnonPages:        175612 kB
Mapped:           128104 kB
Shmem:              5440 kB
Slab:             100232 kB
SReclaimable:      58648 kB
SUnreclaim:        41584 kB
KernelStack:        2504 kB
PageTables:         8648 kB
NFS_Unstable:          0 kB
Bounce:                0 kB
WritebackTmp:          0 kB
CommitLimit:     3023872 kB
Committed_AS:    1086632 kB
VmallocTotal:     122880 kB
VmallocUsed:       16140 kB
VmallocChunk:      90356 kB
HugePages_Total:       0
HugePages_Free:        0
HugePages_Rsvd:        0
HugePages_Surp:        0
Hugepagesize:       2048 kB
DirectMap4k:       10232 kB
DirectMap2M:      897024 kB


CPU:total 2 (2 cores per cpu, 1 threads per core) family 6 model 14 stepping 12, cmov, cx8, fxsr, mmx, sse, sse2, sse3, tsc

/proc/cpuinfo:
processor	: 0
vendor_id	: GenuineIntel
cpu family	: 6
model		: 14
model name	: Intel(R) Core(TM) Duo CPU      T2500  @ 2.00GHz
stepping	: 12
microcode	: 84
cpu MHz		: 1000.000
cache size	: 2048 KB
physical id	: 0
siblings	: 2
core id		: 0
cpu cores	: 2
apicid		: 0
initial apicid	: 0
fdiv_bug	: no
hlt_bug		: no
f00f_bug	: no
coma_bug	: no
fpu		: yes
fpu_exception	: yes
cpuid level	: 10
wp		: yes
flags		: fpu vme de pse tsc msr pae mce cx8 apic mtrr pge mca cmov clflush dts acpi mmx fxsr sse sse2 ss ht tm pbe constant_tsc arch_perfmon bts aperfmperf pni monitor vmx est tm2 xtpr pdcm dts
bogomips	: 3989.88
clflush size	: 64
cache_alignment	: 64
address sizes	: 32 bits physical, 32 bits virtual
power management:

processor	: 1
vendor_id	: GenuineIntel
cpu family	: 6
model		: 14
model name	: Intel(R) Core(TM) Duo CPU      T2500  @ 2.00GHz
stepping	: 12
microcode	: 84
cpu MHz		: 2000.000
cache size	: 2048 KB
physical id	: 0
siblings	: 2
core id		: 1
cpu cores	: 2
apicid		: 1
initial apicid	: 1
fdiv_bug	: no
hlt_bug		: no
f00f_bug	: no
coma_bug	: no
fpu		: yes
fpu_exception	: yes
cpuid level	: 10
wp		: yes
flags		: fpu vme de pse tsc msr pae mce cx8 apic mtrr pge mca cmov clflush dts acpi mmx fxsr sse sse2 ss ht tm pbe constant_tsc arch_perfmon bts aperfmperf pni monitor vmx est tm2 xtpr pdcm dts
bogomips	: 3989.88
clflush size	: 64
cache_alignment	: 64
address sizes	: 32 bits physical, 32 bits virtual
power management:



Memory: 4k page, physical 1939464k(738128k free), swap 2054140k(2054140k free)

vm_info: Java HotSpot(TM) Server VM (24.72-b04) for linux-x86 JRE (1.7.0_72-b14), built on Sep 26 2014 19:38:09 by "java_re" with gcc 4.3.0 20080428 (Red Hat 4.3.0-8)

time: Fri Jan 23 06:19:41 2015
elapsed time: 25 seconds

